<?xml version="1.0" encoding="UTF-8"?>
<!-- Generated by org.testng.reporters.JUnitReportReporter -->
<testsuite hostname="XAV-602000267" failures="0" tests="5" name="com.parabank.testcase.RegistrationParaBank" time="6.778" errors="0" timestamp="2022-06-28T18:20:13 IST" skipped="0">
  <testcase classname="com.parabank.testcase.RegistrationParaBank" name="launchApplication" time="4.339"/>
  <system-out>
    <![CDATA[Application is launched]]>
  </system-out>
  <testcase classname="com.parabank.testcase.RegistrationParaBank" name="regiterLink" time="0.506"/>
  <system-out>
    <![CDATA[Register link is clicked]]>
  </system-out>
  <testcase classname="com.parabank.testcase.RegistrationParaBank" name="registration" time="1.084"/>
  <system-out>
    <![CDATA[First name is Firsttest
Last name is Lasttest
Address is Test address
City is Pune
State is Maharashtra
Postal code is 766767
Phone number is 7876789876
SSN is 3435
Username is testuser0628
Password is password
Confirm password is password
Register button is clicked]]>
  </system-out>
  <testcase classname="com.parabank.testcase.RegistrationParaBank" name="verifySuccessMessageAndLogout" time="0.782"/>
  <system-out>
    <![CDATA[Registration success message is Your account was created successfully. You are now logged in.
User is logged out successfully]]>
  </system-out>
  <testcase classname="com.parabank.testcase.RegistrationParaBank" name="closeApplication" time="0.067"/>
  <system-out/>
</testsuite> <!-- com.parabank.testcase.RegistrationParaBank -->
